{"/Users/yosefberezovskiy/work/projects/amazon/scheduler/src/scheduler.ts": {"path":"/Users/yosefberezovskiy/work/projects/amazon/scheduler/src/scheduler.ts","all":false,"statementMap":{"0":{"start":{"line":1,"column":0},"end":{"line":1,"column":8}},"1":{"start":{"line":2,"column":0},"end":{"line":2,"column":8}},"2":{"start":{"line":3,"column":0},"end":{"line":3,"column":20}},"3":{"start":{"line":4,"column":0},"end":{"line":4,"column":10}},"4":{"start":{"line":5,"column":0},"end":{"line":5,"column":22}},"5":{"start":{"line":6,"column":0},"end":{"line":6,"column":24}},"6":{"start":{"line":7,"column":0},"end":{"line":7,"column":17}},"7":{"start":{"line":8,"column":0},"end":{"line":8,"column":12}},"8":{"start":{"line":9,"column":0},"end":{"line":9,"column":17}},"9":{"start":{"line":10,"column":0},"end":{"line":10,"column":52}},"10":{"start":{"line":11,"column":0},"end":{"line":11,"column":0}},"11":{"start":{"line":12,"column":0},"end":{"line":12,"column":51}},"12":{"start":{"line":13,"column":0},"end":{"line":13,"column":39}},"13":{"start":{"line":14,"column":0},"end":{"line":14,"column":75}},"14":{"start":{"line":15,"column":0},"end":{"line":15,"column":0}},"15":{"start":{"line":16,"column":0},"end":{"line":16,"column":27}},"16":{"start":{"line":17,"column":0},"end":{"line":17,"column":37}},"17":{"start":{"line":18,"column":0},"end":{"line":18,"column":38}},"18":{"start":{"line":19,"column":0},"end":{"line":19,"column":40}},"19":{"start":{"line":20,"column":0},"end":{"line":20,"column":1}},"20":{"start":{"line":21,"column":0},"end":{"line":21,"column":0}},"21":{"start":{"line":22,"column":0},"end":{"line":22,"column":40}},"22":{"start":{"line":23,"column":0},"end":{"line":23,"column":22}},"23":{"start":{"line":24,"column":0},"end":{"line":24,"column":56}},"24":{"start":{"line":25,"column":0},"end":{"line":25,"column":60}},"25":{"start":{"line":26,"column":0},"end":{"line":26,"column":60}},"26":{"start":{"line":27,"column":0},"end":{"line":27,"column":2}},"27":{"start":{"line":28,"column":0},"end":{"line":28,"column":0}},"28":{"start":{"line":29,"column":0},"end":{"line":29,"column":32}},"29":{"start":{"line":30,"column":0},"end":{"line":30,"column":34}},"30":{"start":{"line":31,"column":0},"end":{"line":31,"column":0}},"31":{"start":{"line":32,"column":0},"end":{"line":32,"column":41}},"32":{"start":{"line":33,"column":0},"end":{"line":33,"column":42}},"33":{"start":{"line":34,"column":0},"end":{"line":34,"column":3}},"34":{"start":{"line":35,"column":0},"end":{"line":35,"column":0}},"35":{"start":{"line":36,"column":0},"end":{"line":36,"column":5}},"36":{"start":{"line":37,"column":0},"end":{"line":37,"column":63}},"37":{"start":{"line":38,"column":0},"end":{"line":38,"column":72}},"38":{"start":{"line":39,"column":0},"end":{"line":39,"column":109}},"39":{"start":{"line":40,"column":0},"end":{"line":40,"column":57}},"40":{"start":{"line":41,"column":0},"end":{"line":41,"column":85}},"41":{"start":{"line":42,"column":0},"end":{"line":42,"column":74}},"42":{"start":{"line":43,"column":0},"end":{"line":43,"column":64}},"43":{"start":{"line":44,"column":0},"end":{"line":44,"column":5}},"44":{"start":{"line":45,"column":0},"end":{"line":45,"column":26}},"45":{"start":{"line":46,"column":0},"end":{"line":46,"column":37}},"46":{"start":{"line":47,"column":0},"end":{"line":47,"column":51}},"47":{"start":{"line":48,"column":0},"end":{"line":48,"column":27}},"48":{"start":{"line":49,"column":0},"end":{"line":49,"column":50}},"49":{"start":{"line":50,"column":0},"end":{"line":50,"column":27}},"50":{"start":{"line":51,"column":0},"end":{"line":51,"column":15}},"51":{"start":{"line":52,"column":0},"end":{"line":52,"column":36}},"52":{"start":{"line":53,"column":0},"end":{"line":53,"column":33}},"53":{"start":{"line":54,"column":0},"end":{"line":54,"column":31}},"54":{"start":{"line":55,"column":0},"end":{"line":55,"column":7}},"55":{"start":{"line":56,"column":0},"end":{"line":56,"column":37}},"56":{"start":{"line":57,"column":0},"end":{"line":57,"column":6}},"57":{"start":{"line":58,"column":0},"end":{"line":58,"column":40}},"58":{"start":{"line":59,"column":0},"end":{"line":59,"column":41}},"59":{"start":{"line":60,"column":0},"end":{"line":60,"column":5}},"60":{"start":{"line":61,"column":0},"end":{"line":61,"column":46}},"61":{"start":{"line":62,"column":0},"end":{"line":62,"column":13}},"62":{"start":{"line":63,"column":0},"end":{"line":63,"column":40}},"63":{"start":{"line":64,"column":0},"end":{"line":64,"column":8}},"64":{"start":{"line":65,"column":0},"end":{"line":65,"column":0}},"65":{"start":{"line":66,"column":0},"end":{"line":66,"column":105}},"66":{"start":{"line":67,"column":0},"end":{"line":67,"column":28}},"67":{"start":{"line":68,"column":0},"end":{"line":68,"column":32}},"68":{"start":{"line":69,"column":0},"end":{"line":69,"column":32}},"69":{"start":{"line":70,"column":0},"end":{"line":70,"column":26}},"70":{"start":{"line":71,"column":0},"end":{"line":71,"column":17}},"71":{"start":{"line":72,"column":0},"end":{"line":72,"column":6}},"72":{"start":{"line":73,"column":0},"end":{"line":73,"column":0}},"73":{"start":{"line":74,"column":0},"end":{"line":74,"column":60}},"74":{"start":{"line":75,"column":0},"end":{"line":75,"column":52}},"75":{"start":{"line":76,"column":0},"end":{"line":76,"column":0}},"76":{"start":{"line":77,"column":0},"end":{"line":77,"column":30}},"77":{"start":{"line":78,"column":0},"end":{"line":78,"column":104}},"78":{"start":{"line":79,"column":0},"end":{"line":79,"column":58}},"79":{"start":{"line":80,"column":0},"end":{"line":80,"column":0}},"80":{"start":{"line":81,"column":0},"end":{"line":81,"column":56}},"81":{"start":{"line":82,"column":0},"end":{"line":82,"column":40}},"82":{"start":{"line":83,"column":0},"end":{"line":83,"column":79}},"83":{"start":{"line":84,"column":0},"end":{"line":84,"column":13}},"84":{"start":{"line":85,"column":0},"end":{"line":85,"column":28}},"85":{"start":{"line":86,"column":0},"end":{"line":86,"column":75}},"86":{"start":{"line":87,"column":0},"end":{"line":87,"column":0}},"87":{"start":{"line":88,"column":0},"end":{"line":88,"column":13}},"88":{"start":{"line":89,"column":0},"end":{"line":89,"column":37}},"89":{"start":{"line":90,"column":0},"end":{"line":90,"column":51}},"90":{"start":{"line":91,"column":0},"end":{"line":91,"column":9}},"91":{"start":{"line":92,"column":0},"end":{"line":92,"column":61}},"92":{"start":{"line":93,"column":0},"end":{"line":93,"column":38}},"93":{"start":{"line":94,"column":0},"end":{"line":94,"column":28}},"94":{"start":{"line":95,"column":0},"end":{"line":95,"column":30}},"95":{"start":{"line":96,"column":0},"end":{"line":96,"column":17}},"96":{"start":{"line":97,"column":0},"end":{"line":97,"column":0}},"97":{"start":{"line":98,"column":0},"end":{"line":98,"column":44}},"98":{"start":{"line":99,"column":0},"end":{"line":99,"column":83}},"99":{"start":{"line":100,"column":0},"end":{"line":100,"column":59}},"100":{"start":{"line":101,"column":0},"end":{"line":101,"column":65}},"101":{"start":{"line":102,"column":0},"end":{"line":102,"column":11}},"102":{"start":{"line":103,"column":0},"end":{"line":103,"column":73}},"103":{"start":{"line":104,"column":0},"end":{"line":104,"column":69}},"104":{"start":{"line":105,"column":0},"end":{"line":105,"column":31}},"105":{"start":{"line":106,"column":0},"end":{"line":106,"column":45}},"106":{"start":{"line":107,"column":0},"end":{"line":107,"column":59}},"107":{"start":{"line":108,"column":0},"end":{"line":108,"column":27}},"108":{"start":{"line":109,"column":0},"end":{"line":109,"column":35}},"109":{"start":{"line":110,"column":0},"end":{"line":110,"column":35}},"110":{"start":{"line":111,"column":0},"end":{"line":111,"column":16}},"111":{"start":{"line":112,"column":0},"end":{"line":112,"column":15}},"112":{"start":{"line":113,"column":0},"end":{"line":113,"column":11}},"113":{"start":{"line":114,"column":0},"end":{"line":114,"column":0}},"114":{"start":{"line":115,"column":0},"end":{"line":115,"column":55}},"115":{"start":{"line":116,"column":0},"end":{"line":116,"column":29}},"116":{"start":{"line":117,"column":0},"end":{"line":117,"column":27}},"117":{"start":{"line":118,"column":0},"end":{"line":118,"column":0}},"118":{"start":{"line":119,"column":0},"end":{"line":119,"column":31}},"119":{"start":{"line":120,"column":0},"end":{"line":120,"column":48}},"120":{"start":{"line":121,"column":0},"end":{"line":121,"column":77}},"121":{"start":{"line":122,"column":0},"end":{"line":122,"column":21}},"122":{"start":{"line":123,"column":0},"end":{"line":123,"column":73}},"123":{"start":{"line":124,"column":0},"end":{"line":124,"column":0}},"124":{"start":{"line":125,"column":0},"end":{"line":125,"column":38}},"125":{"start":{"line":126,"column":0},"end":{"line":126,"column":34}},"126":{"start":{"line":127,"column":0},"end":{"line":127,"column":51}},"127":{"start":{"line":128,"column":0},"end":{"line":128,"column":13}},"128":{"start":{"line":129,"column":0},"end":{"line":129,"column":32}},"129":{"start":{"line":130,"column":0},"end":{"line":130,"column":0}},"130":{"start":{"line":131,"column":0},"end":{"line":131,"column":47}},"131":{"start":{"line":132,"column":0},"end":{"line":132,"column":95}},"132":{"start":{"line":133,"column":0},"end":{"line":133,"column":61}},"133":{"start":{"line":134,"column":0},"end":{"line":134,"column":31}},"134":{"start":{"line":135,"column":0},"end":{"line":135,"column":51}},"135":{"start":{"line":136,"column":0},"end":{"line":136,"column":68}},"136":{"start":{"line":137,"column":0},"end":{"line":137,"column":12}},"137":{"start":{"line":138,"column":0},"end":{"line":138,"column":16}},"138":{"start":{"line":139,"column":0},"end":{"line":139,"column":62}},"139":{"start":{"line":140,"column":0},"end":{"line":140,"column":26}},"140":{"start":{"line":141,"column":0},"end":{"line":141,"column":9}},"141":{"start":{"line":142,"column":0},"end":{"line":142,"column":36}},"142":{"start":{"line":143,"column":0},"end":{"line":143,"column":0}},"143":{"start":{"line":144,"column":0},"end":{"line":144,"column":30}},"144":{"start":{"line":145,"column":0},"end":{"line":145,"column":35}},"145":{"start":{"line":146,"column":0},"end":{"line":146,"column":41}},"146":{"start":{"line":147,"column":0},"end":{"line":147,"column":31}},"147":{"start":{"line":148,"column":0},"end":{"line":148,"column":10}},"148":{"start":{"line":149,"column":0},"end":{"line":149,"column":50}},"149":{"start":{"line":150,"column":0},"end":{"line":150,"column":82}},"150":{"start":{"line":151,"column":0},"end":{"line":151,"column":34}},"151":{"start":{"line":152,"column":0},"end":{"line":152,"column":32}},"152":{"start":{"line":153,"column":0},"end":{"line":153,"column":30}},"153":{"start":{"line":154,"column":0},"end":{"line":154,"column":49}},"154":{"start":{"line":155,"column":0},"end":{"line":155,"column":55}},"155":{"start":{"line":156,"column":0},"end":{"line":156,"column":33}},"156":{"start":{"line":157,"column":0},"end":{"line":157,"column":28}},"157":{"start":{"line":158,"column":0},"end":{"line":158,"column":32}},"158":{"start":{"line":159,"column":0},"end":{"line":159,"column":10}},"159":{"start":{"line":160,"column":0},"end":{"line":160,"column":52}},"160":{"start":{"line":161,"column":0},"end":{"line":161,"column":0}},"161":{"start":{"line":162,"column":0},"end":{"line":162,"column":73}},"162":{"start":{"line":163,"column":0},"end":{"line":163,"column":79}},"163":{"start":{"line":164,"column":0},"end":{"line":164,"column":66}},"164":{"start":{"line":165,"column":0},"end":{"line":165,"column":44}},"165":{"start":{"line":166,"column":0},"end":{"line":166,"column":31}},"166":{"start":{"line":167,"column":0},"end":{"line":167,"column":49}},"167":{"start":{"line":168,"column":0},"end":{"line":168,"column":70}},"168":{"start":{"line":169,"column":0},"end":{"line":169,"column":14}},"169":{"start":{"line":170,"column":0},"end":{"line":170,"column":31}},"170":{"start":{"line":171,"column":0},"end":{"line":171,"column":134}},"171":{"start":{"line":172,"column":0},"end":{"line":172,"column":10}},"172":{"start":{"line":173,"column":0},"end":{"line":173,"column":38}},"173":{"start":{"line":174,"column":0},"end":{"line":174,"column":7}},"174":{"start":{"line":175,"column":0},"end":{"line":175,"column":25}},"175":{"start":{"line":176,"column":0},"end":{"line":176,"column":0}},"176":{"start":{"line":177,"column":0},"end":{"line":177,"column":75}},"177":{"start":{"line":178,"column":0},"end":{"line":178,"column":3}},"178":{"start":{"line":179,"column":0},"end":{"line":179,"column":0}},"179":{"start":{"line":180,"column":0},"end":{"line":180,"column":29}},"180":{"start":{"line":181,"column":0},"end":{"line":181,"column":62}},"181":{"start":{"line":182,"column":0},"end":{"line":182,"column":51}},"182":{"start":{"line":183,"column":0},"end":{"line":183,"column":45}},"183":{"start":{"line":184,"column":0},"end":{"line":184,"column":26}},"184":{"start":{"line":185,"column":0},"end":{"line":185,"column":11}},"185":{"start":{"line":186,"column":0},"end":{"line":186,"column":43}},"186":{"start":{"line":187,"column":0},"end":{"line":187,"column":40}},"187":{"start":{"line":188,"column":0},"end":{"line":188,"column":42}},"188":{"start":{"line":189,"column":0},"end":{"line":189,"column":59}},"189":{"start":{"line":190,"column":0},"end":{"line":190,"column":43}},"190":{"start":{"line":191,"column":0},"end":{"line":191,"column":70}},"191":{"start":{"line":192,"column":0},"end":{"line":192,"column":60}},"192":{"start":{"line":193,"column":0},"end":{"line":193,"column":50}},"193":{"start":{"line":194,"column":0},"end":{"line":194,"column":29}},"194":{"start":{"line":195,"column":0},"end":{"line":195,"column":43}},"195":{"start":{"line":196,"column":0},"end":{"line":196,"column":30}},"196":{"start":{"line":197,"column":0},"end":{"line":197,"column":13}},"197":{"start":{"line":198,"column":0},"end":{"line":198,"column":9}},"198":{"start":{"line":199,"column":0},"end":{"line":199,"column":7}},"199":{"start":{"line":200,"column":0},"end":{"line":200,"column":5}},"200":{"start":{"line":201,"column":0},"end":{"line":201,"column":0}},"201":{"start":{"line":202,"column":0},"end":{"line":202,"column":37}},"202":{"start":{"line":203,"column":0},"end":{"line":203,"column":55}},"203":{"start":{"line":204,"column":0},"end":{"line":204,"column":91}},"204":{"start":{"line":205,"column":0},"end":{"line":205,"column":0}},"205":{"start":{"line":206,"column":0},"end":{"line":206,"column":62}},"206":{"start":{"line":207,"column":0},"end":{"line":207,"column":46}},"207":{"start":{"line":208,"column":0},"end":{"line":208,"column":51}},"208":{"start":{"line":209,"column":0},"end":{"line":209,"column":52}},"209":{"start":{"line":210,"column":0},"end":{"line":210,"column":7}},"210":{"start":{"line":211,"column":0},"end":{"line":211,"column":60}},"211":{"start":{"line":212,"column":0},"end":{"line":212,"column":56}},"212":{"start":{"line":213,"column":0},"end":{"line":213,"column":27}},"213":{"start":{"line":214,"column":0},"end":{"line":214,"column":41}},"214":{"start":{"line":215,"column":0},"end":{"line":215,"column":55}},"215":{"start":{"line":216,"column":0},"end":{"line":216,"column":31}},"216":{"start":{"line":217,"column":0},"end":{"line":217,"column":34}},"217":{"start":{"line":218,"column":0},"end":{"line":218,"column":31}},"218":{"start":{"line":219,"column":0},"end":{"line":219,"column":12}},"219":{"start":{"line":220,"column":0},"end":{"line":220,"column":11}},"220":{"start":{"line":221,"column":0},"end":{"line":221,"column":7}},"221":{"start":{"line":222,"column":0},"end":{"line":222,"column":0}},"222":{"start":{"line":223,"column":0},"end":{"line":223,"column":74}},"223":{"start":{"line":224,"column":0},"end":{"line":224,"column":87}},"224":{"start":{"line":225,"column":0},"end":{"line":225,"column":91}},"225":{"start":{"line":226,"column":0},"end":{"line":226,"column":63}},"226":{"start":{"line":227,"column":0},"end":{"line":227,"column":36}},"227":{"start":{"line":228,"column":0},"end":{"line":228,"column":31}},"228":{"start":{"line":229,"column":0},"end":{"line":229,"column":141}},"229":{"start":{"line":230,"column":0},"end":{"line":230,"column":10}},"230":{"start":{"line":231,"column":0},"end":{"line":231,"column":40}},"231":{"start":{"line":232,"column":0},"end":{"line":232,"column":7}},"232":{"start":{"line":233,"column":0},"end":{"line":233,"column":34}},"233":{"start":{"line":234,"column":0},"end":{"line":234,"column":59}},"234":{"start":{"line":235,"column":0},"end":{"line":235,"column":5}},"235":{"start":{"line":236,"column":0},"end":{"line":236,"column":3}},"236":{"start":{"line":237,"column":0},"end":{"line":237,"column":0}},"237":{"start":{"line":238,"column":0},"end":{"line":238,"column":37}},"238":{"start":{"line":239,"column":0},"end":{"line":239,"column":22}},"239":{"start":{"line":240,"column":0},"end":{"line":240,"column":15}},"240":{"start":{"line":241,"column":0},"end":{"line":241,"column":44}},"241":{"start":{"line":242,"column":0},"end":{"line":242,"column":14}},"242":{"start":{"line":243,"column":0},"end":{"line":243,"column":56}},"243":{"start":{"line":244,"column":0},"end":{"line":244,"column":41}},"244":{"start":{"line":245,"column":0},"end":{"line":245,"column":45}},"245":{"start":{"line":246,"column":0},"end":{"line":246,"column":48}},"246":{"start":{"line":247,"column":0},"end":{"line":247,"column":46}},"247":{"start":{"line":248,"column":0},"end":{"line":248,"column":8}},"248":{"start":{"line":249,"column":0},"end":{"line":249,"column":5}},"249":{"start":{"line":250,"column":0},"end":{"line":250,"column":17}},"250":{"start":{"line":251,"column":0},"end":{"line":251,"column":3}},"251":{"start":{"line":252,"column":0},"end":{"line":252,"column":0}},"252":{"start":{"line":253,"column":0},"end":{"line":253,"column":5}},"253":{"start":{"line":254,"column":0},"end":{"line":254,"column":66}},"254":{"start":{"line":255,"column":0},"end":{"line":255,"column":36}},"255":{"start":{"line":256,"column":0},"end":{"line":256,"column":5}},"256":{"start":{"line":257,"column":0},"end":{"line":257,"column":66}},"257":{"start":{"line":258,"column":0},"end":{"line":258,"column":39}},"258":{"start":{"line":259,"column":0},"end":{"line":259,"column":33}},"259":{"start":{"line":260,"column":0},"end":{"line":260,"column":39}},"260":{"start":{"line":261,"column":0},"end":{"line":261,"column":20}},"261":{"start":{"line":262,"column":0},"end":{"line":262,"column":34}},"262":{"start":{"line":263,"column":0},"end":{"line":263,"column":30}},"263":{"start":{"line":264,"column":0},"end":{"line":264,"column":28}},"264":{"start":{"line":265,"column":0},"end":{"line":265,"column":35}},"265":{"start":{"line":266,"column":0},"end":{"line":266,"column":11}},"266":{"start":{"line":267,"column":0},"end":{"line":267,"column":7}},"267":{"start":{"line":268,"column":0},"end":{"line":268,"column":5}},"268":{"start":{"line":269,"column":0},"end":{"line":269,"column":17}},"269":{"start":{"line":270,"column":0},"end":{"line":270,"column":3}},"270":{"start":{"line":271,"column":0},"end":{"line":271,"column":0}},"271":{"start":{"line":272,"column":0},"end":{"line":272,"column":5}},"272":{"start":{"line":273,"column":0},"end":{"line":273,"column":88}},"273":{"start":{"line":274,"column":0},"end":{"line":274,"column":37}},"274":{"start":{"line":275,"column":0},"end":{"line":275,"column":5}},"275":{"start":{"line":276,"column":0},"end":{"line":276,"column":38}},"276":{"start":{"line":277,"column":0},"end":{"line":277,"column":30}},"277":{"start":{"line":278,"column":0},"end":{"line":278,"column":23}},"278":{"start":{"line":279,"column":0},"end":{"line":279,"column":33}},"279":{"start":{"line":280,"column":0},"end":{"line":280,"column":30}},"280":{"start":{"line":281,"column":0},"end":{"line":281,"column":26}},"281":{"start":{"line":282,"column":0},"end":{"line":282,"column":28}},"282":{"start":{"line":283,"column":0},"end":{"line":283,"column":28}},"283":{"start":{"line":284,"column":0},"end":{"line":284,"column":100}},"284":{"start":{"line":285,"column":0},"end":{"line":285,"column":8}},"285":{"start":{"line":286,"column":0},"end":{"line":286,"column":3}},"286":{"start":{"line":287,"column":0},"end":{"line":287,"column":1}}},"s":{"0":1,"1":1,"2":1,"3":1,"4":1,"5":1,"6":1,"7":1,"8":1,"9":1,"10":1,"11":1,"12":1,"13":1,"14":1,"15":1,"16":1,"17":1,"18":1,"19":1,"20":1,"21":1,"22":1,"23":1,"24":1,"25":1,"26":1,"27":1,"28":1,"29":1,"30":1,"31":1,"32":16,"33":16,"34":1,"35":1,"36":1,"37":1,"38":1,"39":1,"40":1,"41":1,"42":1,"43":1,"44":1,"45":14,"46":14,"47":14,"48":14,"49":14,"50":14,"51":14,"52":14,"53":14,"54":14,"55":14,"56":14,"57":14,"58":14,"59":14,"60":14,"61":14,"62":14,"63":14,"64":14,"65":14,"66":14,"67":14,"68":14,"69":14,"70":14,"71":14,"72":14,"73":14,"74":14,"75":14,"76":14,"77":14,"78":14,"79":14,"80":14,"81":14,"82":32,"83":32,"84":32,"85":32,"86":32,"87":32,"88":32,"89":765,"90":32,"91":763,"92":763,"93":763,"94":763,"95":763,"96":763,"97":763,"98":444,"99":444,"100":0,"101":0,"102":444,"103":29,"104":29,"105":29,"106":29,"107":29,"108":29,"109":29,"110":29,"111":29,"112":29,"113":444,"114":444,"115":444,"116":444,"117":444,"118":444,"119":444,"120":75,"121":75,"122":69,"123":68,"124":68,"125":68,"126":68,"127":68,"128":763,"129":763,"130":763,"131":30,"132":30,"133":30,"134":30,"135":30,"136":30,"137":763,"138":733,"139":733,"140":733,"141":32,"142":32,"143":32,"144":30,"145":30,"146":30,"147":30,"148":30,"149":30,"150":30,"151":30,"152":30,"153":30,"154":30,"155":30,"156":30,"157":30,"158":30,"159":30,"160":30,"161":30,"162":30,"163":30,"164":30,"165":30,"166":30,"167":30,"168":32,"169":2,"170":2,"171":2,"172":2,"173":2,"174":14,"175":14,"176":14,"177":14,"178":1,"179":1,"180":14,"181":14,"182":14,"183":14,"184":14,"185":14,"186":14,"187":34,"188":34,"189":34,"190":6,"191":375,"192":375,"193":375,"194":375,"195":375,"196":375,"197":375,"198":6,"199":34,"200":14,"201":14,"202":14,"203":6,"204":6,"205":6,"206":6,"207":0,"208":0,"209":0,"210":6,"211":3,"212":3,"213":3,"214":3,"215":3,"216":3,"217":3,"218":3,"219":3,"220":3,"221":6,"222":6,"223":6,"224":6,"225":6,"226":6,"227":1,"228":1,"229":1,"230":1,"231":1,"232":6,"233":6,"234":6,"235":14,"236":1,"237":1,"238":32,"239":32,"240":32,"241":32,"242":32,"243":32,"244":3,"245":3,"246":3,"247":3,"248":3,"249":29,"250":29,"251":1,"252":1,"253":1,"254":1,"255":1,"256":1,"257":1,"258":1,"259":2,"260":3,"261":3,"262":3,"263":3,"264":3,"265":3,"266":3,"267":2,"268":1,"269":1,"270":1,"271":1,"272":1,"273":1,"274":1,"275":1,"276":1,"277":1,"278":1,"279":2,"280":2,"281":2,"282":2,"283":2,"284":1,"285":1,"286":1},"branchMap":{"0":{"type":"branch","line":32,"loc":{"start":{"line":32,"column":2},"end":{"line":34,"column":3}},"locations":[{"start":{"line":32,"column":2},"end":{"line":34,"column":3}}]},"1":{"type":"branch","line":33,"loc":{"start":{"line":33,"column":24},"end":{"line":33,"column":41}},"locations":[{"start":{"line":33,"column":24},"end":{"line":33,"column":41}}]},"2":{"type":"branch","line":45,"loc":{"start":{"line":45,"column":9},"end":{"line":178,"column":3}},"locations":[{"start":{"line":45,"column":9},"end":{"line":178,"column":3}}]},"3":{"type":"branch","line":82,"loc":{"start":{"line":82,"column":39},"end":{"line":175,"column":5}},"locations":[{"start":{"line":82,"column":39},"end":{"line":175,"column":5}}]},"4":{"type":"branch","line":89,"loc":{"start":{"line":89,"column":34},"end":{"line":90,"column":51}},"locations":[{"start":{"line":89,"column":34},"end":{"line":90,"column":51}}]},"5":{"type":"branch","line":91,"loc":{"start":{"line":91,"column":8},"end":{"line":142,"column":7}},"locations":[{"start":{"line":91,"column":8},"end":{"line":142,"column":7}}]},"6":{"type":"branch","line":98,"loc":{"start":{"line":98,"column":43},"end":{"line":129,"column":9}},"locations":[{"start":{"line":98,"column":43},"end":{"line":129,"column":9}}]},"7":{"type":"branch","line":100,"loc":{"start":{"line":100,"column":58},"end":{"line":102,"column":11}},"locations":[{"start":{"line":100,"column":58},"end":{"line":102,"column":11}}]},"8":{"type":"branch","line":103,"loc":{"start":{"line":103,"column":72},"end":{"line":113,"column":11}},"locations":[{"start":{"line":103,"column":72},"end":{"line":113,"column":11}}]},"9":{"type":"branch","line":120,"loc":{"start":{"line":120,"column":39},"end":{"line":120,"column":48}},"locations":[{"start":{"line":120,"column":39},"end":{"line":120,"column":48}}]},"10":{"type":"branch","line":121,"loc":{"start":{"line":121,"column":-1},"end":{"line":122,"column":21}},"locations":[{"start":{"line":121,"column":-1},"end":{"line":122,"column":21}}]},"11":{"type":"branch","line":122,"loc":{"start":{"line":122,"column":12},"end":{"line":122,"column":21}},"locations":[{"start":{"line":122,"column":12},"end":{"line":122,"column":21}}]},"12":{"type":"branch","line":123,"loc":{"start":{"line":123,"column":-1},"end":{"line":123,"column":73}},"locations":[{"start":{"line":123,"column":-1},"end":{"line":123,"column":73}}]},"13":{"type":"branch","line":123,"loc":{"start":{"line":123,"column":64},"end":{"line":123,"column":73}},"locations":[{"start":{"line":123,"column":64},"end":{"line":123,"column":73}}]},"14":{"type":"branch","line":124,"loc":{"start":{"line":124,"column":-1},"end":{"line":129,"column":9}},"locations":[{"start":{"line":124,"column":-1},"end":{"line":129,"column":9}}]},"15":{"type":"branch","line":131,"loc":{"start":{"line":131,"column":46},"end":{"line":138,"column":9}},"locations":[{"start":{"line":131,"column":46},"end":{"line":138,"column":9}}]},"16":{"type":"branch","line":138,"loc":{"start":{"line":138,"column":9},"end":{"line":141,"column":9}},"locations":[{"start":{"line":138,"column":9},"end":{"line":141,"column":9}}]},"17":{"type":"branch","line":144,"loc":{"start":{"line":144,"column":29},"end":{"line":169,"column":7}},"locations":[{"start":{"line":144,"column":29},"end":{"line":169,"column":7}}]},"18":{"type":"branch","line":169,"loc":{"start":{"line":169,"column":7},"end":{"line":174,"column":7}},"locations":[{"start":{"line":169,"column":7},"end":{"line":174,"column":7}}]},"19":{"type":"branch","line":132,"loc":{"start":{"line":132,"column":37},"end":{"line":132,"column":76}},"locations":[{"start":{"line":132,"column":37},"end":{"line":132,"column":76}}]},"20":{"type":"branch","line":180,"loc":{"start":{"line":180,"column":10},"end":{"line":236,"column":3}},"locations":[{"start":{"line":180,"column":10},"end":{"line":236,"column":3}}]},"21":{"type":"branch","line":187,"loc":{"start":{"line":187,"column":39},"end":{"line":200,"column":5}},"locations":[{"start":{"line":187,"column":39},"end":{"line":200,"column":5}}]},"22":{"type":"branch","line":190,"loc":{"start":{"line":190,"column":22},"end":{"line":190,"column":40}},"locations":[{"start":{"line":190,"column":22},"end":{"line":190,"column":40}}]},"23":{"type":"branch","line":190,"loc":{"start":{"line":190,"column":42},"end":{"line":199,"column":7}},"locations":[{"start":{"line":190,"column":42},"end":{"line":199,"column":7}}]},"24":{"type":"branch","line":191,"loc":{"start":{"line":191,"column":69},"end":{"line":198,"column":9}},"locations":[{"start":{"line":191,"column":69},"end":{"line":198,"column":9}}]},"25":{"type":"branch","line":203,"loc":{"start":{"line":203,"column":54},"end":{"line":235,"column":5}},"locations":[{"start":{"line":203,"column":54},"end":{"line":235,"column":5}}]},"26":{"type":"branch","line":204,"loc":{"start":{"line":204,"column":40},"end":{"line":204,"column":49}},"locations":[{"start":{"line":204,"column":40},"end":{"line":204,"column":49}}]},"27":{"type":"branch","line":207,"loc":{"start":{"line":207,"column":45},"end":{"line":210,"column":7}},"locations":[{"start":{"line":207,"column":45},"end":{"line":210,"column":7}}]},"28":{"type":"branch","line":211,"loc":{"start":{"line":211,"column":59},"end":{"line":221,"column":7}},"locations":[{"start":{"line":211,"column":59},"end":{"line":221,"column":7}}]},"29":{"type":"branch","line":227,"loc":{"start":{"line":227,"column":35},"end":{"line":232,"column":7}},"locations":[{"start":{"line":227,"column":35},"end":{"line":232,"column":7}}]},"30":{"type":"branch","line":238,"loc":{"start":{"line":238,"column":10},"end":{"line":251,"column":3}},"locations":[{"start":{"line":238,"column":10},"end":{"line":251,"column":3}}]},"31":{"type":"branch","line":244,"loc":{"start":{"line":244,"column":20},"end":{"line":244,"column":38}},"locations":[{"start":{"line":244,"column":20},"end":{"line":244,"column":38}}]},"32":{"type":"branch","line":244,"loc":{"start":{"line":244,"column":40},"end":{"line":249,"column":5}},"locations":[{"start":{"line":244,"column":40},"end":{"line":249,"column":5}}]},"33":{"type":"branch","line":250,"loc":{"start":{"line":250,"column":-1},"end":{"line":251,"column":3}},"locations":[{"start":{"line":250,"column":-1},"end":{"line":251,"column":3}}]},"34":{"type":"branch","line":247,"loc":{"start":{"line":247,"column":8},"end":{"line":247,"column":46}},"locations":[{"start":{"line":247,"column":8},"end":{"line":247,"column":46}}]},"35":{"type":"branch","line":257,"loc":{"start":{"line":257,"column":16},"end":{"line":270,"column":3}},"locations":[{"start":{"line":257,"column":16},"end":{"line":270,"column":3}}]},"36":{"type":"branch","line":259,"loc":{"start":{"line":259,"column":32},"end":{"line":268,"column":5}},"locations":[{"start":{"line":259,"column":32},"end":{"line":268,"column":5}}]},"37":{"type":"branch","line":260,"loc":{"start":{"line":260,"column":38},"end":{"line":267,"column":7}},"locations":[{"start":{"line":260,"column":38},"end":{"line":267,"column":7}}]},"38":{"type":"branch","line":276,"loc":{"start":{"line":276,"column":16},"end":{"line":286,"column":3}},"locations":[{"start":{"line":276,"column":16},"end":{"line":286,"column":3}}]},"39":{"type":"branch","line":279,"loc":{"start":{"line":279,"column":21},"end":{"line":285,"column":6}},"locations":[{"start":{"line":279,"column":21},"end":{"line":285,"column":6}}]}},"b":{"0":[16],"1":[0],"2":[14],"3":[32],"4":[765],"5":[763],"6":[444],"7":[0],"8":[29],"9":[369],"10":[75],"11":[6],"12":[69],"13":[1],"14":[68],"15":[30],"16":[733],"17":[30],"18":[2],"19":[48],"20":[14],"21":[34],"22":[6],"23":[6],"24":[375],"25":[6],"26":[0],"27":[0],"28":[3],"29":[1],"30":[32],"31":[3],"32":[3],"33":[29],"34":[3],"35":[1],"36":[2],"37":[3],"38":[1],"39":[2]},"fnMap":{"0":{"name":"logInfo","decl":{"start":{"line":24,"column":11},"end":{"line":24,"column":55}},"loc":{"start":{"line":24,"column":11},"end":{"line":24,"column":55}},"line":24},"1":{"name":"logError","decl":{"start":{"line":25,"column":12},"end":{"line":25,"column":59}},"loc":{"start":{"line":25,"column":12},"end":{"line":25,"column":59}},"line":25},"2":{"name":"logWarning","decl":{"start":{"line":26,"column":14},"end":{"line":26,"column":59}},"loc":{"start":{"line":26,"column":14},"end":{"line":26,"column":59}},"line":26},"3":{"name":"PurchaseScheduler","decl":{"start":{"line":32,"column":2},"end":{"line":34,"column":3}},"loc":{"start":{"line":32,"column":2},"end":{"line":34,"column":3}},"line":32},"4":{"name":"generateSchedule","decl":{"start":{"line":45,"column":9},"end":{"line":178,"column":3}},"loc":{"start":{"line":45,"column":9},"end":{"line":178,"column":3}},"line":45},"5":{"name":"initializeRunState","decl":{"start":{"line":180,"column":10},"end":{"line":236,"column":3}},"loc":{"start":{"line":180,"column":10},"end":{"line":236,"column":3}},"line":180},"6":{"name":"isAccountUnavailableOnDate","decl":{"start":{"line":238,"column":10},"end":{"line":251,"column":3}},"loc":{"start":{"line":238,"column":10},"end":{"line":251,"column":3}},"line":238},"7":{"name":"ordersToTasks","decl":{"start":{"line":257,"column":16},"end":{"line":270,"column":3}},"loc":{"start":{"line":257,"column":16},"end":{"line":270,"column":3}},"line":257},"8":{"name":"scheduledItemsToTasks","decl":{"start":{"line":276,"column":16},"end":{"line":286,"column":3}},"loc":{"start":{"line":276,"column":16},"end":{"line":286,"column":3}},"line":276}},"f":{"0":0,"1":0,"2":0,"3":16,"4":14,"5":14,"6":32,"7":1,"8":1}}
,"/Users/yosefberezovskiy/work/projects/amazon/scheduler/src/utils.ts": {"path":"/Users/yosefberezovskiy/work/projects/amazon/scheduler/src/utils.ts","all":false,"statementMap":{"0":{"start":{"line":1,"column":0},"end":{"line":1,"column":54}},"1":{"start":{"line":2,"column":0},"end":{"line":2,"column":37}},"2":{"start":{"line":3,"column":0},"end":{"line":3,"column":69}},"3":{"start":{"line":4,"column":0},"end":{"line":4,"column":60}},"4":{"start":{"line":5,"column":0},"end":{"line":5,"column":35}},"5":{"start":{"line":6,"column":0},"end":{"line":6,"column":1}},"6":{"start":{"line":7,"column":0},"end":{"line":7,"column":0}},"7":{"start":{"line":8,"column":0},"end":{"line":8,"column":57}},"8":{"start":{"line":9,"column":0},"end":{"line":9,"column":32}},"9":{"start":{"line":10,"column":0},"end":{"line":10,"column":48}},"10":{"start":{"line":11,"column":0},"end":{"line":11,"column":16}},"11":{"start":{"line":12,"column":0},"end":{"line":12,"column":1}},"12":{"start":{"line":13,"column":0},"end":{"line":13,"column":0}},"13":{"start":{"line":14,"column":0},"end":{"line":14,"column":57}},"14":{"start":{"line":15,"column":0},"end":{"line":15,"column":93}},"15":{"start":{"line":16,"column":0},"end":{"line":16,"column":60}},"16":{"start":{"line":17,"column":0},"end":{"line":17,"column":50}},"17":{"start":{"line":18,"column":0},"end":{"line":18,"column":1}}},"s":{"0":1243,"1":1243,"2":1243,"3":1243,"4":1243,"5":1243,"6":1,"7":1147,"8":1147,"9":1147,"10":1147,"11":1147,"12":1,"13":0,"14":0,"15":0,"16":0,"17":0},"branchMap":{"0":{"type":"branch","line":1,"loc":{"start":{"line":1,"column":0},"end":{"line":6,"column":1}},"locations":[{"start":{"line":1,"column":0},"end":{"line":6,"column":1}}]},"1":{"type":"branch","line":8,"loc":{"start":{"line":8,"column":0},"end":{"line":12,"column":1}},"locations":[{"start":{"line":8,"column":0},"end":{"line":12,"column":1}}]}},"b":{"0":[1243],"1":[1147]},"fnMap":{"0":{"name":"dateToDateString","decl":{"start":{"line":1,"column":0},"end":{"line":6,"column":1}},"loc":{"start":{"line":1,"column":0},"end":{"line":6,"column":1}},"line":1},"1":{"name":"addDays","decl":{"start":{"line":8,"column":0},"end":{"line":12,"column":1}},"loc":{"start":{"line":8,"column":0},"end":{"line":12,"column":1}},"line":8},"2":{"name":"dateStringtoDate","decl":{"start":{"line":14,"column":0},"end":{"line":18,"column":1}},"loc":{"start":{"line":14,"column":0},"end":{"line":18,"column":1}},"line":14}},"f":{"0":1243,"1":1147,"2":0}}
}
