TN:
SF:src/scheduler.ts
FN:24,logInfo
FN:25,logError
FN:26,logWarning
FN:32,PurchaseScheduler
FN:45,generateSchedule
FN:180,initializeRunState
FN:238,isAccountUnavailableOnDate
FN:257,ordersToTasks
FN:276,scheduledItemsToTasks
FNF:9
FNH:6
FNDA:0,logInfo
FNDA:0,logError
FNDA:0,logWarning
FNDA:16,PurchaseScheduler
FNDA:14,generateSchedule
FNDA:14,initializeRunState
FNDA:32,isAccountUnavailableOnDate
FNDA:1,ordersToTasks
FNDA:1,scheduledItemsToTasks
DA:1,1
DA:2,1
DA:3,1
DA:4,1
DA:5,1
DA:6,1
DA:7,1
DA:8,1
DA:9,1
DA:10,1
DA:11,1
DA:12,1
DA:13,1
DA:14,1
DA:15,1
DA:16,1
DA:17,1
DA:18,1
DA:19,1
DA:20,1
DA:21,1
DA:22,1
DA:23,1
DA:24,1
DA:25,1
DA:26,1
DA:27,1
DA:28,1
DA:29,1
DA:30,1
DA:31,1
DA:32,1
DA:33,16
DA:34,16
DA:35,1
DA:36,1
DA:37,1
DA:38,1
DA:39,1
DA:40,1
DA:41,1
DA:42,1
DA:43,1
DA:44,1
DA:45,1
DA:46,14
DA:47,14
DA:48,14
DA:49,14
DA:50,14
DA:51,14
DA:52,14
DA:53,14
DA:54,14
DA:55,14
DA:56,14
DA:57,14
DA:58,14
DA:59,14
DA:60,14
DA:61,14
DA:62,14
DA:63,14
DA:64,14
DA:65,14
DA:66,14
DA:67,14
DA:68,14
DA:69,14
DA:70,14
DA:71,14
DA:72,14
DA:73,14
DA:74,14
DA:75,14
DA:76,14
DA:77,14
DA:78,14
DA:79,14
DA:80,14
DA:81,14
DA:82,14
DA:83,32
DA:84,32
DA:85,32
DA:86,32
DA:87,32
DA:88,32
DA:89,32
DA:90,765
DA:91,32
DA:92,763
DA:93,763
DA:94,763
DA:95,763
DA:96,763
DA:97,763
DA:98,763
DA:99,444
DA:100,444
DA:101,0
DA:102,0
DA:103,444
DA:104,29
DA:105,29
DA:106,29
DA:107,29
DA:108,29
DA:109,29
DA:110,29
DA:111,29
DA:112,29
DA:113,29
DA:114,444
DA:115,444
DA:116,444
DA:117,444
DA:118,444
DA:119,444
DA:120,444
DA:121,75
DA:122,75
DA:123,69
DA:124,68
DA:125,68
DA:126,68
DA:127,68
DA:128,68
DA:129,763
DA:130,763
DA:131,763
DA:132,30
DA:133,30
DA:134,30
DA:135,30
DA:136,30
DA:137,30
DA:138,763
DA:139,733
DA:140,733
DA:141,733
DA:142,32
DA:143,32
DA:144,32
DA:145,30
DA:146,30
DA:147,30
DA:148,30
DA:149,30
DA:150,30
DA:151,30
DA:152,30
DA:153,30
DA:154,30
DA:155,30
DA:156,30
DA:157,30
DA:158,30
DA:159,30
DA:160,30
DA:161,30
DA:162,30
DA:163,30
DA:164,30
DA:165,30
DA:166,30
DA:167,30
DA:168,30
DA:169,32
DA:170,2
DA:171,2
DA:172,2
DA:173,2
DA:174,2
DA:175,14
DA:176,14
DA:177,14
DA:178,14
DA:179,1
DA:180,1
DA:181,14
DA:182,14
DA:183,14
DA:184,14
DA:185,14
DA:186,14
DA:187,14
DA:188,34
DA:189,34
DA:190,34
DA:191,6
DA:192,375
DA:193,375
DA:194,375
DA:195,375
DA:196,375
DA:197,375
DA:198,375
DA:199,6
DA:200,34
DA:201,14
DA:202,14
DA:203,14
DA:204,6
DA:205,6
DA:206,6
DA:207,6
DA:208,0
DA:209,0
DA:210,0
DA:211,6
DA:212,3
DA:213,3
DA:214,3
DA:215,3
DA:216,3
DA:217,3
DA:218,3
DA:219,3
DA:220,3
DA:221,3
DA:222,6
DA:223,6
DA:224,6
DA:225,6
DA:226,6
DA:227,6
DA:228,1
DA:229,1
DA:230,1
DA:231,1
DA:232,1
DA:233,6
DA:234,6
DA:235,6
DA:236,14
DA:237,1
DA:238,1
DA:239,32
DA:240,32
DA:241,32
DA:242,32
DA:243,32
DA:244,32
DA:245,3
DA:246,3
DA:247,3
DA:248,3
DA:249,3
DA:250,29
DA:251,29
DA:252,1
DA:253,1
DA:254,1
DA:255,1
DA:256,1
DA:257,1
DA:258,1
DA:259,1
DA:260,2
DA:261,3
DA:262,3
DA:263,3
DA:264,3
DA:265,3
DA:266,3
DA:267,3
DA:268,2
DA:269,1
DA:270,1
DA:271,1
DA:272,1
DA:273,1
DA:274,1
DA:275,1
DA:276,1
DA:277,1
DA:278,1
DA:279,1
DA:280,2
DA:281,2
DA:282,2
DA:283,2
DA:284,2
DA:285,1
DA:286,1
DA:287,1
LF:287
LH:282
BRDA:32,0,0,16
BRDA:33,1,0,0
BRDA:45,2,0,14
BRDA:82,3,0,32
BRDA:89,4,0,765
BRDA:91,5,0,763
BRDA:98,6,0,444
BRDA:100,7,0,0
BRDA:103,8,0,29
BRDA:120,9,0,369
BRDA:121,10,0,75
BRDA:122,11,0,6
BRDA:123,12,0,69
BRDA:123,13,0,1
BRDA:124,14,0,68
BRDA:131,15,0,30
BRDA:138,16,0,733
BRDA:144,17,0,30
BRDA:169,18,0,2
BRDA:132,19,0,48
BRDA:180,20,0,14
BRDA:187,21,0,34
BRDA:190,22,0,6
BRDA:190,23,0,6
BRDA:191,24,0,375
BRDA:203,25,0,6
BRDA:204,26,0,0
BRDA:207,27,0,0
BRDA:211,28,0,3
BRDA:227,29,0,1
BRDA:238,30,0,32
BRDA:244,31,0,3
BRDA:244,32,0,3
BRDA:250,33,0,29
BRDA:247,34,0,3
BRDA:257,35,0,1
BRDA:259,36,0,2
BRDA:260,37,0,3
BRDA:276,38,0,1
BRDA:279,39,0,2
BRF:40
BRH:36
end_of_record
TN:
SF:src/utils.ts
FN:1,dateToDateString
FN:8,addDays
FN:14,dateStringtoDate
FNF:3
FNH:2
FNDA:1243,dateToDateString
FNDA:1147,addDays
FNDA:0,dateStringtoDate
DA:1,1243
DA:2,1243
DA:3,1243
DA:4,1243
DA:5,1243
DA:6,1243
DA:7,1
DA:8,1147
DA:9,1147
DA:10,1147
DA:11,1147
DA:12,1147
DA:13,1
DA:14,0
DA:15,0
DA:16,0
DA:17,0
DA:18,0
LF:18
LH:13
BRDA:1,0,0,1243
BRDA:8,1,0,1147
BRF:2
BRH:2
end_of_record
